This is pdfTeX, Version 3.14159265-2.6-1.40.20 (TeX Live 2019/Debian) (preloaded format=pdflatex 2022.6.1)  4 JUN 2022 11:16
entering extended mode
 restricted \write18 enabled.
 %&-line parsing enabled.
**lettera.tex
(./lettera.tex
LaTeX2e <2020-02-02> patch level 2
L3 programming layer <2020-02-14>
(/usr/share/texlive/texmf-dist/tex/latex/cdpbundl/letteracdp.cls
Document Class: letteracdp 2018/02/08 v0.36d (**incomplete**)
Copyright (C) 1999-2018 by Gustavo MEZZETTI, all rights reserved.
\c@letter=\count167
\c@emptyaddrlabels=\count168
\c@addrlabelrows=\count169
\c@addrlabelcolumns=\count170
\c@label=\count171
\c@totallabel=\count172
\@lh@left@margin=\dimen134
\@lh@right@margin=\dimen135
\@block@inden=\dimen136
\@block@width=\dimen137
\longindentation=\dimen138
\senderindentation=\dimen139
\senderwidth=\dimen140
\addresseeindentation=\dimen141
\addresseewidth=\dimen142
\signatureindentation=\dimen143
\signaturewidth=\dimen144
\signaturerulewidth=\dimen145
\foldedheight=\dimen146
\@folding@ht=\dimen147
\@lh@folding@ht=\dimen148
\@above@folding@margin=\dimen149
\@above@folding@shrink=\dimen150
\@block@space=\skip47
\@block@andspace=\skip48
\@below@folding@skip=\skip49
\aboveaddressvspace=\skip50
\andaddressvspace=\skip51
\belowaddressvspace=\skip52
\abovesubjectvspace=\skip53
\presubjectvspace=\skip54
\belowsubjectvspace=\skip55
\abovesignaturevspace=\skip56
\abovesignatureshortvspace=\skip57
\belowsignaturevspace=\skip58
\belowpresentationvspace=\skip59
\addrlabelsleftmargin=\dimen151
\addrlabelstopmargin=\dimen152
\addrlabelshsep=\dimen153
\addrlabelsvsep=\dimen154
\addrlabelborder=\dimen155
\addrlabelwidth=\dimen156
\addrlabelheight=\dimen157
\addrlabeltrimwidth=\dimen158
\addrlabeltrimheight=\dimen159
\@lett@decl=\toks14
\@fold@basepenalty=\count173
\@fold@lowpenalty=\count174
\@fold@medpenalty=\count175
\@fold@highpenalty=\count176
\@fold@toppenalty=\count177
\@b@frompenalty=\count178
\@i@frompenalty=\count179
\@e@frompenalty=\count180
\@b@topenalty=\count181
\@i@topenalty=\count182
\@e@topenalty=\count183
\@b@subjpenalty=\count184
\@e@subjpenalty=\count185
\@e@prespenalty=\count186
\@i@penalty=\count187
\@e@penalty=\count188
\@cdp@gencount=\count189
\@logo@box@base=\box45
\@logo@box@addS=\box46
\@logo@box@addL=\box47
\@oordinamento@box=\box48
\@name@and@WWW@box=\box49
(/usr/share/texlive/texmf-dist/tex/latex/base/size12.clo
File: size12.clo 2019/12/20 v1.4l Standard LaTeX file (size option)
))
(/usr/share/texlive/texmf-dist/tex/generic/babel/babel.sty
Package: babel 2020/02/14 3.40 The Babel package

(/usr/share/texlive/texmf-dist/tex/generic/babel/switch.def
File: switch.def 2020/02/14 3.40 Babel switching mechanism
)
(/usr/share/texlive/texmf-dist/tex/generic/babel-italian/italian.ldf
Language: italian 2019/11/16 v.1.4.03 Italian support for the babel system

(/usr/share/texlive/texmf-dist/tex/generic/babel/babel.def
File: babel.def 2020/02/14 3.40 Babel common definitions
\babel@savecnt=\count190
\U@D=\dimen160

(/usr/share/texlive/texmf-dist/tex/generic/babel/txtbabel.def)
\bbl@readstream=\read2
\bbl@dirlevel=\count191
)
\it@lettering=\count192
\it@doublequoteactive=\count193
\it@ISOcompliance=\count194
))
(/usr/share/texlive/texmf-dist/tex/latex/etoolbox/etoolbox.sty
Package: etoolbox 2019/09/21 v2.5h e-TeX tools for LaTeX (JAW)
\etb@tempcnta=\count195
)
(/usr/share/texlive/texmf-dist/tex/latex/base/fontenc.sty
Package: fontenc 2020/02/11 v2.0o Standard LaTeX package
)
(/usr/share/texlive/texmf-dist/tex/latex/base/inputenc.sty
Package: inputenc 2018/08/11 v1.3c Input encoding file
\inpenc@prehook=\toks15
\inpenc@posthook=\toks16
)
(/usr/share/texlive/texmf-dist/tex/latex/layaureo/layaureo.sty
Package: layaureo 2004/09/16 v0.2

(/usr/share/texlive/texmf-dist/tex/latex/geometry/geometry.sty
Package: geometry 2020/01/02 v5.9 Page Geometry

(/usr/share/texlive/texmf-dist/tex/latex/graphics/keyval.sty
Package: keyval 2014/10/28 v1.15 key=value parser (DPC)
\KV@toks@=\toks17
)
(/usr/share/texlive/texmf-dist/tex/generic/iftex/ifvtex.sty
Package: ifvtex 2019/10/25 v1.7 ifvtex legacy package. Use iftex instead.

(/usr/share/texlive/texmf-dist/tex/generic/iftex/iftex.sty
Package: iftex 2019/11/07 v1.0c TeX engine tests
))
\Gm@cnth=\count196
\Gm@cntv=\count197
\c@Gm@tempcnt=\count198
\Gm@bindingoffset=\dimen161
\Gm@wd@mp=\dimen162
\Gm@odd@mp=\dimen163
\Gm@even@mp=\dimen164
\Gm@layoutwidth=\dimen165
\Gm@layoutheight=\dimen166
\Gm@layouthoffset=\dimen167
\Gm@layoutvoffset=\dimen168
\Gm@dimlist=\toks18
)
(/usr/share/texlive/texmf-dist/tex/latex/tools/calc.sty
Package: calc 2017/05/25 v4.3 Infix arithmetic (KKT,FJ)
\calc@Acount=\count199
\calc@Bcount=\count266
\calc@Adimen=\dimen169
\calc@Bdimen=\dimen170
\calc@Askip=\skip60
\calc@Bskip=\skip61
LaTeX Info: Redefining \setlength on input line 80.
LaTeX Info: Redefining \addtolength on input line 81.
\calc@Ccount=\count267
\calc@Cskip=\skip62
)
\LA@MargineRilegatura=\skip63
\LA@LarghezzaTesto=\skip64
\LA@AltezzaTesto=\skip65
\LA@MargineSinistro=\skip66
\LA@MargineSuperiore=\skip67
)
(/usr/share/texlive/texmf-dist/tex/latex/lipsum/lipsum.sty
(/usr/share/texlive/texmf-dist/tex/latex/l3kernel/expl3.sty
Package: expl3 2020-02-14 L3 programming layer (loader) 

(/usr/share/texlive/texmf-dist/tex/latex/l3backend/l3backend-pdfmode.def
File: l3backend-pdfmode.def 2020-02-03 L3 backend support: PDF mode
\l__kernel_color_stack_int=\count268
\l__pdf_internal_box=\box50
))
(/usr/share/texlive/texmf-dist/tex/latex/l3packages/xparse/xparse.sty
Package: xparse 2020-02-14 L3 Experimental document command parser
\l__xparse_current_arg_int=\count269
\g__xparse_grabber_int=\count270
\l__xparse_m_args_int=\count271
\l__xparse_v_nesting_int=\count272
)
Package: lipsum 2019/01/02 v2.2 150 paragraphs of Lorem Ipsum dummy text

(/usr/share/texlive/texmf-dist/tex/latex/lipsum/lipsum.ltd.tex
File: lipsum.ltd.tex 2019/01/02 v2.2 The Lorem ipsum dummy text
)) (./lettera.aux)
\openout1 = `lettera.aux'.

LaTeX Font Info:    Checking defaults for OML/cmm/m/it on input line 15.
LaTeX Font Info:    ... okay on input line 15.
LaTeX Font Info:    Checking defaults for OMS/cmsy/m/n on input line 15.
LaTeX Font Info:    ... okay on input line 15.
LaTeX Font Info:    Checking defaults for OT1/cmr/m/n on input line 15.
LaTeX Font Info:    ... okay on input line 15.
LaTeX Font Info:    Checking defaults for T1/cmr/m/n on input line 15.
LaTeX Font Info:    ... okay on input line 15.
LaTeX Font Info:    Checking defaults for TS1/cmr/m/n on input line 15.
LaTeX Font Info:    ... okay on input line 15.
LaTeX Font Info:    Checking defaults for OMX/cmex/m/n on input line 15.
LaTeX Font Info:    ... okay on input line 15.
LaTeX Font Info:    Checking defaults for U/cmr/m/n on input line 15.
LaTeX Font Info:    ... okay on input line 15.
LaTeX Info: Redefining \it@ocap on input line 15.
LaTeX Info: Redefining \it@ccap on input line 15.

*geometry* driver: auto-detecting
*geometry* detected driver: pdftex
*geometry* verbose mode - [ preamble ] result:
* driver: pdftex
* paper: a4paper
* layout: <same size as paper>
* layoutoffset:(h,v)=(0.0pt,0.0pt)
* modes: 
* h-part:(L,W,R)=(88.75394pt, 420.0pt, 88.75394pt)
* v-part:(T,H,B)=(68.5425pt, 679.57123pt, 96.93312pt)
* \paperwidth=597.50787pt
* \paperheight=845.04684pt
* \textwidth=420.0pt
* \textheight=679.57123pt
* \oddsidemargin=16.48395pt
* \evensidemargin=16.48395pt
* \topmargin=-74.85936pt
* \headheight=28.45274pt
* \headsep=42.67912pt
* \topskip=12.0pt
* \footskip=53.60393pt
* \marginparwidth=82.8941pt
* \marginparsep=11.0pt
* \columnsep=10.0pt
* \skip\footins=10.0pt plus 2.0pt minus 4.0pt
* \hoffset=0.0pt
* \voffset=0.0pt
* \mag=1000
* \@twocolumnfalse
* \@twosidefalse
* \@mparswitchfalse
* \@reversemarginfalse
* (1in=72.27pt=25.4mm, 1cm=28.453pt)

Lettera 1
LaTeX Font Info:    External font `cmex10' loaded for size
(Font)              <12> on input line 21.
LaTeX Font Info:    External font `cmex10' loaded for size
(Font)              <8> on input line 21.
LaTeX Font Info:    External font `cmex10' loaded for size
(Font)              <6> on input line 21.
[1



{/var/lib/texmf/fonts/map/pdftex/updmap/pdftex.map}] (./lettera.aux) ) 
Here is how much of TeX's memory you used:
 3099 strings out of 481239
 50443 string characters out of 5920378
 484348 words of memory out of 5000000
 18360 multiletter control sequences out of 15000+600000
 540521 words of font info for 44 fonts, out of 8000000 for 9000
 1141 hyphenation exceptions out of 8191
 38i,9n,33p,796b,261s stack positions out of 5000i,500n,10000p,200000b,80000s
{/usr/sha
re/texmf/fonts/enc/dvips/cm-super/cm-super-t1.enc}{/usr/share/texmf/fonts/enc/d
vips/cm-super/cm-super-ts1.enc}</usr/share/texmf/fonts/type1/public/cm-super/sf
bi1200.pfb></usr/share/texmf/fonts/type1/public/cm-super/sfbx1200.pfb></usr/sha
re/texmf/fonts/type1/public/cm-super/sfrm1200.pfb>
Output written on lettera.pdf (1 page, 62411 bytes).
PDF statistics:
 24 PDF objects out of 1000 (max. 8388607)
 17 compressed objects within 1 object stream
 0 named destinations out of 1000 (max. 500000)
 1 words of extra memory for PDF output out of 10000 (max. 10000000)

